Change Component Designator: OldDesignator=C? NewDesignator=C1
Change Component Designator: OldDesignator=C? NewDesignator=C2
Change Component Designator: OldDesignator=C? NewDesignator=C3
Change Component Designator: OldDesignator=C? NewDesignator=CY
Change Component Designator: OldDesignator=IC? NewDesignator=Comp
Change Component Designator: OldDesignator=J? NewDesignator=TB1
Change Component Designator: OldDesignator=L? NewDesignator=LDR
Change Component Designator: OldDesignator=PS? NewDesignator=MCUBuck
Change Component Designator: OldDesignator=PS? NewDesignator=ModemBuck
Change Component Designator: OldDesignator=R? NewDesignator=R1
Change Component Designator: OldDesignator=R? NewDesignator=R2
Change Component Designator: OldDesignator=U? NewDesignator=Op1
Change Component Designator: OldDesignator=U? NewDesignator=Op2
Change Component Designator: OldDesignator=Z? NewDesignator=Z1
Added Component: Designator=TB2(1725656)
Add component (AddParameter): Name = "Datasheet Link"; Value = "https://componentsearchengine.com//1725656.pdf"; VariantName = "[No Variations]"
Add component (AddParameter): Name = "Height"; Value = "8.65mm"; VariantName = "[No Variations]"
Add component (AddParameter): Name = "Manufacturer_Name"; Value = "Phoenix Contact"; VariantName = "[No Variations]"
Add component (AddParameter): Name = "Manufacturer_Part_Number"; Value = "1725656"; VariantName = "[No Variations]"
Add component (AddParameter): Name = "Mouser2 Part Number"; Value = "651-1725656"; VariantName = "[No Variations]"
Add component (AddParameter): Name = "Mouser2 Price/Stock"; Value = "https://www.mouser.com/Search/Refine.aspx?Keyword=651-1725656"; VariantName = "[No Variations]"
Added Pin To Net: NetName=NetC?_1 Pin=TB2-2
Change Net Name : Old Net Name=NetC?_1 New Net Name=NetC3_2
Change Net Name : Old Net Name=NetC?_2 New Net Name=NetC1_2
Change Net Name : Old Net Name=NetIC?_2 New Net Name=NetComp_2
Change Net Name : Old Net Name=NetIC?_3 New Net Name=NetComp_3
Change Net Name : Old Net Name=NetR?_1 New Net Name=NetOp1_3
Change Net Name : Old Net Name=NetR?_2 New Net Name=NetOp1_1
Added Pin To Net: NetName=NetC1_1 Pin=C1-1
Added Pin To Net: NetName=NetC1_1 Pin=LDR-1
Added Pin To Net: NetName=NetC1_1 Pin=ModemBuck-1
Added Pin To Net: NetName=NetC1_1 Pin=TB1-1
Added Net: Name=NetC1_1
Added Pin To Net: NetName=NetC2_1 Pin=C2-1
Added Pin To Net: NetName=NetC2_1 Pin=LDR-2
Added Pin To Net: NetName=NetC2_1 Pin=MCUBuck-2
Added Net: Name=NetC2_1
Added Pin To Net: NetName=NetC3_1 Pin=C3-1
Added Pin To Net: NetName=NetC3_1 Pin=MCUBuck-3
Added Pin To Net: NetName=NetC3_1 Pin=TB2-1
Added Net: Name=NetC3_1
Added Member To Class: ClassName=Power Schematic Member=Component C1 ESL475
Added Member To Class: ClassName=Power Schematic Member=Component C2 ESL475
Added Member To Class: ClassName=Power Schematic Member=Component C3 C430C106M3R5TA
Added Member To Class: ClassName=Power Schematic Member=Component ModemBuck MDS15A-05
Added Member To Class: ClassName=Power Schematic Member=Component Op1 LM358P
Added Member To Class: ClassName=Power Schematic Member=Component R1 CFR50SJT-26-5K
Added Member To Class: ClassName=Power Schematic Member=Component TB2 1725656
