Added Component: Designator=C?(CAPPRD350W60D800H1350)
Add component (AddParameter): Name = "Arrow Part Number"; Value = ""; VariantName = "[No Variations]"
Add component (AddParameter): Name = "Arrow Price/Stock"; Value = ""; VariantName = "[No Variations]"
Add component (AddParameter): Name = "Datasheet Link"; Value = "https://www.kemet.com/specsheet/ESL475M250AGMAA"; VariantName = "[No Variations]"
Add component (AddParameter): Name = "Height"; Value = "13.5mm"; VariantName = "[No Variations]"
Add component (AddParameter): Name = "Manufacturer_Name"; Value = "KEMET"; VariantName = "[No Variations]"
Add component (AddParameter): Name = "Manufacturer_Part_Number"; Value = "ESL475M250AGMAA"; VariantName = "[No Variations]"
Add component (AddParameter): Name = "Mouser Part Number"; Value = "80-ESL475M250AGMAA"; VariantName = "[No Variations]"
Add component (AddParameter): Name = "Mouser Price/Stock"; Value = "https://www.mouser.co.uk/ProductDetail/KEMET/ESL475M250AGMAA?qs=Wj%2FVkw3K%252BMD08iqDam2dkw%3D%3D"; VariantName = "[No Variations]"
Added Component: Designator=C?(CC45SL3DD271JYVNA)
Add component (AddParameter): Name = "Datasheet Link"; Value = "https://product.tdk.com/system/files/dam/doc/product/capacitor/ceramic/lead-disc/catalog/leaddisc_commercial_cc45_en.pdf"; VariantName = "[No Variations]"
Add component (AddParameter): Name = "Height"; Value = "9.5mm"; VariantName = "[No Variations]"
Add component (AddParameter): Name = "Manufacturer_Name"; Value = "TDK"; VariantName = "[No Variations]"
Add component (AddParameter): Name = "Manufacturer_Part_Number"; Value = "CC45SL3DD271JYNNA"; VariantName = "[No Variations]"
Add component (AddParameter): Name = "Mouser2 Part Number"; Value = ""; VariantName = "[No Variations]"
Add component (AddParameter): Name = "Mouser2 Price/Stock"; Value = ""; VariantName = "[No Variations]"
Added Component: Designator=C?(CAPPA2134W54L610D381)
Add component (AddParameter): Name = "Arrow Part Number"; Value = ""; VariantName = "[No Variations]"
Add component (AddParameter): Name = "Arrow Price/Stock"; Value = ""; VariantName = "[No Variations]"
Add component (AddParameter): Name = "Datasheet Link"; Value = "https://www.kemet.com/specsheet/C430C106M3R5TA"; VariantName = "[No Variations]"
Add component (AddParameter): Name = "Manufacturer_Name"; Value = "KEMET"; VariantName = "[No Variations]"
Add component (AddParameter): Name = "Manufacturer_Part_Number"; Value = "C430C106M3R5TA"; VariantName = "[No Variations]"
Add component (AddParameter): Name = "Mouser Part Number"; Value = ""; VariantName = "[No Variations]"
Add component (AddParameter): Name = "Mouser Price/Stock"; Value = ""; VariantName = "[No Variations]"
Added Component: Designator=C?(CAPPRD350W60D800H1350)
Add component (AddParameter): Name = "Arrow Part Number"; Value = ""; VariantName = "[No Variations]"
Add component (AddParameter): Name = "Arrow Price/Stock"; Value = ""; VariantName = "[No Variations]"
Add component (AddParameter): Name = "Datasheet Link"; Value = "https://www.kemet.com/specsheet/ESL475M250AGMAA"; VariantName = "[No Variations]"
Add component (AddParameter): Name = "Height"; Value = "13.5mm"; VariantName = "[No Variations]"
Add component (AddParameter): Name = "Manufacturer_Name"; Value = "KEMET"; VariantName = "[No Variations]"
Add component (AddParameter): Name = "Manufacturer_Part_Number"; Value = "ESL475M250AGMAA"; VariantName = "[No Variations]"
Add component (AddParameter): Name = "Mouser Part Number"; Value = "80-ESL475M250AGMAA"; VariantName = "[No Variations]"
Add component (AddParameter): Name = "Mouser Price/Stock"; Value = "https://www.mouser.co.uk/ProductDetail/KEMET/ESL475M250AGMAA?qs=Wj%2FVkw3K%252BMD08iqDam2dkw%3D%3D"; VariantName = "[No Variations]"
Added Component: Designator=IC?(DIP794W53P254L959H508Q8N)
Add component (AddParameter): Name = "Datasheet Link"; Value = "http://www.ti.com/lit/gpn/tlv3401"; VariantName = "[No Variations]"
Add component (AddParameter): Name = "Height"; Value = "5.08mm"; VariantName = "[No Variations]"
Add component (AddParameter): Name = "Manufacturer_Name"; Value = "Texas Instruments"; VariantName = "[No Variations]"
Add component (AddParameter): Name = "Manufacturer_Part_Number"; Value = "TLV3401IP"; VariantName = "[No Variations]"
Add component (AddParameter): Name = "Mouser2 Part Number"; Value = "595-TLV3401IP"; VariantName = "[No Variations]"
Add component (AddParameter): Name = "Mouser2 Price/Stock"; Value = "https://www.mouser.com/Search/Refine.aspx?Keyword=595-TLV3401IP"; VariantName = "[No Variations]"
Added Component: Designator=J?(1725656)
Add component (AddParameter): Name = "Datasheet Link"; Value = "https://componentsearchengine.com//1725656.pdf"; VariantName = "[No Variations]"
Add component (AddParameter): Name = "Height"; Value = "8.65mm"; VariantName = "[No Variations]"
Add component (AddParameter): Name = "Manufacturer_Name"; Value = "Phoenix Contact"; VariantName = "[No Variations]"
Add component (AddParameter): Name = "Manufacturer_Part_Number"; Value = "1725656"; VariantName = "[No Variations]"
Add component (AddParameter): Name = "Mouser2 Part Number"; Value = "651-1725656"; VariantName = "[No Variations]"
Add component (AddParameter): Name = "Mouser2 Price/Stock"; Value = "https://www.mouser.com/Search/Refine.aspx?Keyword=651-1725656"; VariantName = "[No Variations]"
Added Component: Designator=L?(DR0810682L)
Add component (AddParameter): Name = "Arrow Part Number"; Value = ""; VariantName = "[No Variations]"
Add component (AddParameter): Name = "Arrow Price/Stock"; Value = ""; VariantName = "[No Variations]"
Add component (AddParameter): Name = "Datasheet Link"; Value = "https://www.coilcraft.com/getmedia/1475f70f-0f50-4e32-b3ef-d5be700229ce/dr0810.pdf"; VariantName = "[No Variations]"
Add component (AddParameter): Name = "Height"; Value = "12mm"; VariantName = "[No Variations]"
Add component (AddParameter): Name = "Manufacturer_Name"; Value = "COILCRAFT"; VariantName = "[No Variations]"
Add component (AddParameter): Name = "Manufacturer_Part_Number"; Value = "DR0810-682L"; VariantName = "[No Variations]"
Add component (AddParameter): Name = "Mouser Part Number"; Value = "994-DR0810-682L"; VariantName = "[No Variations]"
Add component (AddParameter): Name = "Mouser Price/Stock"; Value = "https://www.mouser.co.uk/ProductDetail/Coilcraft/DR0810-682L/?qs=ZYnrCdKdyecMko9xChQa7Q%3D%3D"; VariantName = "[No Variations]"
Added Component: Designator=PS?(MDS15A05)
Add component (AddParameter): Name = "Arrow Part Number"; Value = ""; VariantName = "[No Variations]"
Add component (AddParameter): Name = "Arrow Price/Stock"; Value = ""; VariantName = "[No Variations]"
Add component (AddParameter): Name = "Datasheet Link"; Value = "https://www.meanwell-web.com/content/files/pdfs/productPdfs/MW/MDS15/MDS15-spec.pdf"; VariantName = "[No Variations]"
Add component (AddParameter): Name = "Height"; Value = "12mm"; VariantName = "[No Variations]"
Add component (AddParameter): Name = "Manufacturer_Name"; Value = "Mean Well"; VariantName = "[No Variations]"
Add component (AddParameter): Name = "Manufacturer_Part_Number"; Value = "MDS15A-05"; VariantName = "[No Variations]"
Add component (AddParameter): Name = "Mouser Part Number"; Value = "709-MDS15A-05"; VariantName = "[No Variations]"
Add component (AddParameter): Name = "Mouser Price/Stock"; Value = "https://www.mouser.co.uk/ProductDetail/MEAN-WELL/MDS15A-05?qs=OlC7AqGiEDkuR%252B65ZecgiQ%3D%3D"; VariantName = "[No Variations]"
Added Component: Designator=PS?(TRN10511)
Add component (AddParameter): Name = "Datasheet Link"; Value = "https://tracopower.com/trn1-datasheet/"; VariantName = "[No Variations]"
Add component (AddParameter): Name = "Height"; Value = "11.5mm"; VariantName = "[No Variations]"
Add component (AddParameter): Name = "Manufacturer_Name"; Value = "Traco Power"; VariantName = "[No Variations]"
Add component (AddParameter): Name = "Manufacturer_Part_Number"; Value = "TRN 1-1210"; VariantName = "[No Variations]"
Add component (AddParameter): Name = "Mouser2 Part Number"; Value = ""; VariantName = "[No Variations]"
Add component (AddParameter): Name = "Mouser2 Price/Stock"; Value = ""; VariantName = "[No Variations]"
Added Component: Designator=R?(RESAD1000W50L360D160)
Add component (AddParameter): Name = "Arrow Part Number"; Value = ""; VariantName = "[No Variations]"
Add component (AddParameter): Name = "Arrow Price/Stock"; Value = ""; VariantName = "[No Variations]"
Add component (AddParameter): Name = "Datasheet Link"; Value = "https://componentsearchengine.com/Datasheets/1/MBA02040C1000DC100.pdf"; VariantName = "[No Variations]"
Add component (AddParameter): Name = "Manufacturer_Name"; Value = "Vishay"; VariantName = "[No Variations]"
Add component (AddParameter): Name = "Manufacturer_Part_Number"; Value = "MBA02040C1000DC100"; VariantName = "[No Variations]"
Add component (AddParameter): Name = "Mouser Part Number"; Value = "594-MBA02040C1000DC1"; VariantName = "[No Variations]"
Add component (AddParameter): Name = "Mouser Price/Stock"; Value = "https://www.mouser.co.uk/ProductDetail/Vishay-Beyschlag/MBA02040C1000DC100?qs=%252BaFUgn%2FzHmxbsL8AKaN8UA%3D%3D"; VariantName = "[No Variations]"
Added Component: Designator=R?(RESAD2220W60L900D330)
Add component (AddParameter): Name = "Arrow Part Number"; Value = ""; VariantName = "[No Variations]"
Add component (AddParameter): Name = "Arrow Price/Stock"; Value = ""; VariantName = "[No Variations]"
Add component (AddParameter): Name = "Datasheet Link"; Value = "https://www.mouser.com/datasheet/2/447/Yageo_08272021_CFR_Series-2530393.pdf"; VariantName = "[No Variations]"
Add component (AddParameter): Name = "Manufacturer_Name"; Value = "YAGEO (PHYCOMP)"; VariantName = "[No Variations]"
Add component (AddParameter): Name = "Manufacturer_Part_Number"; Value = "CFR50SJT-26-5K"; VariantName = "[No Variations]"
Add component (AddParameter): Name = "Mouser Part Number"; Value = ""; VariantName = "[No Variations]"
Add component (AddParameter): Name = "Mouser Price/Stock"; Value = ""; VariantName = "[No Variations]"
Added Component: Designator=U?(DIP794W45P254L959H508Q8)
Add component (AddParameter): Name = "Availability"; Value = "In Stock"; VariantName = "[No Variations]"
Add component (AddParameter): Name = "Check_prices"; Value = "https://www.snapeda.com/parts/LM358P/Texas%20Instruments/view-part/6637/?ref=eda"; VariantName = "[No Variations]"
Add component (AddParameter): Name = "MF"; Value = "Texas Instruments"; VariantName = "[No Variations]"
Add component (AddParameter): Name = "MP"; Value = "LM358P"; VariantName = "[No Variations]"
Add component (AddParameter): Name = "Package"; Value = "PDIP-8 Texas"; VariantName = "[No Variations]"
Add component (AddParameter): Name = "Price"; Value = "None"; VariantName = "[No Variations]"
Add component (AddParameter): Name = "Purchase-URL"; Value = "https://pricing.snapeda.com/search/part/LM358P/?ref=eda"; VariantName = "[No Variations]"
Add component (AddParameter): Name = "SnapEDA_Link"; Value = "https://www.snapeda.com/parts/LM358P/Texas%20Instruments/view-part/6637/?ref=snap"; VariantName = "[No Variations]"
Add component (AddParameter): Name = "Value"; Value = ""; VariantName = "[No Variations]"
Added Component: Designator=U?(DIP794W45P254L959H508Q8)
Add component (AddParameter): Name = "Availability"; Value = "In Stock"; VariantName = "[No Variations]"
Add component (AddParameter): Name = "Check_prices"; Value = "https://www.snapeda.com/parts/LM358P/Texas%20Instruments/view-part/6637/?ref=eda"; VariantName = "[No Variations]"
Add component (AddParameter): Name = "MF"; Value = "Texas Instruments"; VariantName = "[No Variations]"
Add component (AddParameter): Name = "MP"; Value = "LM358P"; VariantName = "[No Variations]"
Add component (AddParameter): Name = "Package"; Value = "PDIP-8 Texas"; VariantName = "[No Variations]"
Add component (AddParameter): Name = "Price"; Value = "None"; VariantName = "[No Variations]"
Add component (AddParameter): Name = "Purchase-URL"; Value = "https://pricing.snapeda.com/search/part/LM358P/?ref=eda"; VariantName = "[No Variations]"
Add component (AddParameter): Name = "SnapEDA_Link"; Value = "https://www.snapeda.com/parts/LM358P/Texas%20Instruments/view-part/6637/?ref=snap"; VariantName = "[No Variations]"
Add component (AddParameter): Name = "Value"; Value = ""; VariantName = "[No Variations]"
Added Component: Designator=Z?(DIOAD1068W53L380D172)
Add component (AddParameter): Name = "Datasheet Link"; Value = "https://ms.componentsearchengine.com/Datasheets/2/1N5225B.pdf"; VariantName = "[No Variations]"
Add component (AddParameter): Name = "Manufacturer_Name"; Value = "ON Semiconductor"; VariantName = "[No Variations]"
Add component (AddParameter): Name = "Manufacturer_Part_Number"; Value = "1N5225B"; VariantName = "[No Variations]"
Add component (AddParameter): Name = "Mouser2 Part Number"; Value = ""; VariantName = "[No Variations]"
Add component (AddParameter): Name = "Mouser2 Price/Stock"; Value = ""; VariantName = "[No Variations]"
Added Pin To Net: NetName=GND Pin=IC?-4
Added Pin To Net: NetName=GND Pin=IC?-6
Added Pin To Net: NetName=GND Pin=R?-1
Added Pin To Net: NetName=GND Pin=U?-2
Added Pin To Net: NetName=GND Pin=U?-3
Added Pin To Net: NetName=GND Pin=Z?-2
Added Net: Name=GND
Added Pin To Net: NetName=NetC?_1 Pin=C?-1
Added Pin To Net: NetName=NetC?_1 Pin=C?-2
Added Pin To Net: NetName=NetC?_1 Pin=PS?-5
Added Net: Name=NetC?_1
Add Net: Net with name "NetC?_1" already exists
Add Net: Net with name "NetC?_1" already exists
Add Net: Net with name "NetC?_1" already exists
Added Pin To Net: NetName=NetC?_2 Pin=C?-2
Added Pin To Net: NetName=NetC?_2 Pin=C?-2
Added Pin To Net: NetName=NetC?_2 Pin=C?-2
Added Pin To Net: NetName=NetC?_2 Pin=J?-2
Added Pin To Net: NetName=NetC?_2 Pin=PS?-1
Added Pin To Net: NetName=NetC?_2 Pin=PS?-2
Added Net: Name=NetC?_2
Added Pin To Net: NetName=NetIC?_2 Pin=IC?-2
Added Pin To Net: NetName=NetIC?_2 Pin=R?-2
Added Pin To Net: NetName=NetIC?_2 Pin=Z?-1
Added Net: Name=NetIC?_2
Added Pin To Net: NetName=NetIC?_3 Pin=IC?-3
Added Pin To Net: NetName=NetIC?_3 Pin=U?-1
Added Net: Name=NetIC?_3
Added Pin To Net: NetName=NetR?_1 Pin=R?-1
Added Pin To Net: NetName=NetR?_1 Pin=U?-3
Added Net: Name=NetR?_1
Added Pin To Net: NetName=NetR?_2 Pin=R?-2
Added Pin To Net: NetName=NetR?_2 Pin=U?-1
Added Pin To Net: NetName=NetR?_2 Pin=U?-2
Added Net: Name=NetR?_2
Added Class: Name=Power Schematic
Added Room: Name=Power Schematic
